<?xml version="1.0" encoding="UTF-8"?>
<testng-results skipped="0" failed="0" ignored="0" total="1" passed="1">
  <reporter-output>
  </reporter-output>
  <suite name="Default suite" duration-ms="19617" started-at="2018-01-15T12:15:31Z" finished-at="2018-01-15T12:15:50Z">
    <groups>
    </groups>
    <test name="Default test" duration-ms="19617" started-at="2018-01-15T12:15:31Z" finished-at="2018-01-15T12:15:50Z">
      <class name="com.test.filehandling.Apache_Config">
        <test-method status="PASS" signature="readApacheConfig()[pri:0, instance:com.test.filehandling.Apache_Config@4671e53b]" name="readApacheConfig" duration-ms="19587" started-at="2018-01-15T17:45:31Z" finished-at="2018-01-15T17:45:50Z">
          <reporter-output>
          </reporter-output>
        </test-method> <!-- readApacheConfig -->
      </class> <!-- com.test.filehandling.Apache_Config -->
    </test> <!-- Default test -->
  </suite> <!-- Default suite -->
</testng-results>
