<?xml version="1.0" encoding="UTF-8"?>
<testng-results skipped="0" failed="0" ignored="0" total="1" passed="1">
  <reporter-output>
  </reporter-output>
  <suite name="Default suite" duration-ms="81666" started-at="2017-12-27T05:59:25Z" finished-at="2017-12-27T06:00:46Z">
    <groups>
    </groups>
    <test name="Default test" duration-ms="81666" started-at="2017-12-27T05:59:25Z" finished-at="2017-12-27T06:00:46Z">
      <class name="com.test.filehandling.Apache_Config">
        <test-method status="PASS" signature="readApacheConfig()[pri:0, instance:com.test.filehandling.Apache_Config@7c6908d7]" name="readApacheConfig" duration-ms="81639" started-at="2017-12-27T11:29:25Z" finished-at="2017-12-27T11:30:46Z">
          <reporter-output>
          </reporter-output>
        </test-method> <!-- readApacheConfig -->
      </class> <!-- com.test.filehandling.Apache_Config -->
    </test> <!-- Default test -->
  </suite> <!-- Default suite -->
</testng-results>
